[21:56:49] [INIT] KubeJS 2001.6.5-build.14; MC 2001 forge
[21:56:49] [INIT] Loaded plugins:
[21:56:49] [INIT] - dev.latvian.mods.kubejs.forge.BuiltinKubeJSForgePlugin
[21:56:49] [INIT] - com.lowdragmc.lowdraglib.kjs.LDLibKubeJSPlugin
[21:56:49] [INIT] - io.github.mortuusars.exposure.integration.kubejs.ExposureJSPlugin
[21:56:49] [INIT] - su.terrafirmagreg.core.compat.kjs.TFGKubeJSPlugin
[21:56:49] [INIT] - dev.ftb.mods.ftbxmodcompat.ftbquests.kubejs.KubeJSIntegration
[21:56:49] [INIT] - dev.ftb.mods.ftbxmodcompat.ftbteams.kubejs.FTBTeamsKubeJSPlugin
[21:56:49] [INIT] - dev.ftb.mods.ftbxmodcompat.ftbfiltersystem.kubejs.FFSKubeJSPlugin
[21:56:49] [INIT] - com.almostreliable.lootjs.kube.LootJSPlugin
[21:56:49] [INIT] - com.blakebr0.cucumber.compat.kubejs.CucumberKubeJSPlugin
[21:56:49] [INIT] - com.gregtechceu.gtceu.integration.kjs.GregTechKubeJSPlugin
[21:56:49] [INIT] - argent_matter.gcyr.integration.kjs.GCyRKubeJSPlugin
[21:56:49] [INIT] - com.notenoughmail.kubejs_tfc.KubeJSTFCPlugin
[21:56:49] [INIT] - com.notenoughmail.kubejs_tfc.addons.firmalife.FirmaLifePlugin
[21:56:49] [INIT] - com.notenoughmail.kubejs_tfc.addons.tfccc.TFCCCPlugin
[21:56:49] [INIT] - dev.latvian.mods.kubejs.create.KubeJSCreatePlugin
[21:56:51] [INFO] example.js#5: Hello, World! (Loaded startup scripts)
[21:56:51] [INFO] Loaded script startup_scripts:example.js in 0.066 s
[21:56:51] [INFO] Loaded 1/1 KubeJS startup scripts in 1.336 s with 0 errors and 0 warnings
